Cloning into 'yay'...
==> Making package: yay 12.3.1-1 (Mon 11 Mar 2024 10:18:38 AM -03)
==> Checking runtime dependencies...
==> Checking buildtime dependencies...
==> Installing missing dependencies...
resolving dependencies...
looking for conflicting packages...

Packages (1) go-2:1.22.1-1

Total Download Size:    38.69 MiB
Total Installed Size:  209.54 MiB

:: Proceed with installation? [Y/n] 
:: Retrieving packages...
 go-2:1.22.1-1-x86_64 downloading...
checking keyring...
checking package integrity...
loading package files...
checking for file conflicts...
checking available disk space...
:: Processing package changes...
installing go...
:: Running post-transaction hooks...
(1/1) Arming ConditionNeedsUpdate...
==> Retrieving sources...
  -> Downloading yay-12.3.1.tar.gz...
  % Total    % Received % Xferd  Average Speed   Time    Time     Time  Current
                                 Dload  Upload   Total   Spent    Left  Speed
  0     0    0     0    0     0      0      0 --:--:-- --:--:-- --:--:--     0  0     0    0     0    0     0      0      0 --:--:-- --:--:-- --:--:--     0
  2  444k    2 11786    0     0  15127      0  0:00:30 --:--:--  0:00:30 15127100  444k  100  444k    0     0   408k      0  0:00:01  0:00:01 --:--:-- 1401k
==> Validating source files with sha256sums...
    yay-12.3.1.tar.gz ... Passed
==> Extracting sources...
  -> Extracting yay-12.3.1.tar.gz with bsdtar
==> Starting build()...
go build -trimpath -mod=readonly -modcacherw  -ldflags '-X "main.yayVersion=12.3.1" -X "main.localePath=/usr/share/locale/" -linkmode=external' -buildmode=pie -o yay
go: downloading github.com/Jguer/votar v1.0.0
go: downloading github.com/Jguer/aur v1.2.3
go: downloading github.com/Jguer/go-alpm/v2 v2.2.1
go: downloading github.com/Morganamilo/go-srcinfo v1.0.0
go: downloading github.com/deckarep/golang-set/v2 v2.6.0
go: downloading github.com/leonelquinteros/gotext v1.5.2
go: downloading github.com/pkg/errors v0.9.1
go: downloading golang.org/x/sys v0.17.0
go: downloading github.com/adrg/strutil v0.3.1
go: downloading github.com/hashicorp/go-multierror v1.1.1
go: downloading github.com/Morganamilo/go-pacmanconf v0.0.0-20210502114700-cff030e927a5
go: downloading golang.org/x/term v0.17.0
go: downloading github.com/hashicorp/errwrap v1.1.0
go: downloading golang.org/x/text v0.14.0
go: downloading github.com/mitchellh/mapstructure v1.5.0
go: downloading github.com/ohler55/ojg v1.21.4
go: downloading github.com/itchyny/gojq v0.12.14
go: downloading github.com/itchyny/timefmt-go v0.1.5
==> Entering fakeroot environment...
==> Starting package()...
msgfmt po/ca.po -o po/ca.mo
msgfmt po/cs.po -o po/cs.mo
msgfmt po/de.po -o po/de.mo
msgfmt po/en.po -o po/en.mo
msgfmt po/es.po -o po/es.mo
msgfmt po/eu.po -o po/eu.mo
msgfmt po/fr_FR.po -o po/fr_FR.mo
msgfmt po/he.po -o po/he.mo
msgfmt po/id.po -o po/id.mo
msgfmt po/it_IT.po -o po/it_IT.mo
msgfmt po/ja.po -o po/ja.mo
msgfmt po/ko.po -o po/ko.mo
msgfmt po/pl_PL.po -o po/pl_PL.mo
msgfmt po/pt_BR.po -o po/pt_BR.mo
msgfmt po/pt.po -o po/pt.mo
msgfmt po/ru_RU.po -o po/ru_RU.mo
msgfmt po/ru.po -o po/ru.mo
msgfmt po/sv.po -o po/sv.mo
msgfmt po/tr.po -o po/tr.mo
msgfmt po/uk.po -o po/uk.mo
msgfmt po/zh_CN.po -o po/zh_CN.mo
msgfmt po/zh_TW.po -o po/zh_TW.mo
install -Dm755 yay /home/gut11/Documents/scripts/Hyprland/yay/pkg/yay/usr/bin/yay
install -Dm644 doc/yay.8 /home/gut11/Documents/scripts/Hyprland/yay/pkg/yay/usr/share/man/man8/yay.8
install -Dm644 completions/bash /home/gut11/Documents/scripts/Hyprland/yay/pkg/yay/usr/share/bash-completion/completions/yay
install -Dm644 completions/zsh /home/gut11/Documents/scripts/Hyprland/yay/pkg/yay/usr/share/zsh/site-functions/_yay
install -Dm644 completions/fish /home/gut11/Documents/scripts/Hyprland/yay/pkg/yay/usr/share/fish/vendor_completions.d/yay.fish
for lang in ca cs de en es eu fr_FR he id it_IT ja ko pl_PL pt_BR pt ru_RU ru sv tr uk zh_CN zh_TW; do \
	install -Dm644 po/${lang}.mo /home/gut11/Documents/scripts/Hyprland/yay/pkg/yay/usr/share/locale/$lang/LC_MESSAGES/yay.mo; \
done
==> Tidying install...
  -> Removing libtool files...
  -> Purging unwanted files...
  -> Removing static library files...
  -> Stripping unneeded symbols from binaries and libraries...
debugedit: ./usr/bin/yay: DWARF version 0 unhandled
  -> Compressing man and info pages...
==> Checking for packaging issues...
==> Creating package "yay"...
  -> Generating .PKGINFO file...
  -> Generating .BUILDINFO file...
  -> Generating .MTREE file...
  -> Compressing package...
==> Creating package "yay-debug"...
  -> Generating .PKGINFO file...
  -> Generating .BUILDINFO file...
  -> Generating .MTREE file...
  -> Compressing package...
==> Leaving fakeroot environment.
==> Finished making: yay 12.3.1-1 (Mon 11 Mar 2024 10:19:01 AM -03)
==> Installing package yay with pacman -U...
loading packages...
resolving dependencies...
looking for conflicting packages...

Packages (2) yay-12.3.1-1  yay-debug-12.3.1-1

Total Installed Size:  12.77 MiB

:: Proceed with installation? [Y/n] 
checking keyring...
checking package integrity...
loading package files...
checking for file conflicts...
checking available disk space...
:: Processing package changes...
installing yay...
Optional dependencies for yay
    sudo: privilege elevation [installed]
    doas: privilege elevation
installing yay-debug...
:: Running post-transaction hooks...
(1/1) Arming ConditionNeedsUpdate...
tee: /etc/NetworkManager/conf.d/wifi-powersave.conf: No such file or directory
[connection]
wifi.powersave = 2
Failed to restart NetworkManager.service: Unit NetworkManager.service not found.
:: Synchronizing package databases...
 core downloading...
 extra downloading...
:: [1mSearching AUR for updates...[0m
:: [1mSearching databases for updates...[0m
 there is nothing to do
Sync Explicit (1): hyprland-0.35.0-2
resolving dependencies...
looking for conflicting packages...

Packages (32) glslang-14.0.0-2  libdisplay-info-0.1.1-3  libevdev-1.13.1-1  libfontenc-1.1.8-1  libgudev-238-1  libinput-1.25.0-1  libliftoff-0.4.1-1  libwacom-2.10.0-1  libxcvt-0.1.2-1  libxfont2-2.0.6-2  libxkbfile-1.1.3-1  mtdev-1.1.6-2  polkit-124-2  seatd-0.8.0-1  spirv-tools-2023.6-1  tomlplusplus-3.4.0-1  vulkan-headers-1:1.3.279-1  vulkan-validation-layers-1.3.275-1  wayland-protocols-1.33-1  xcb-util-0.4.1-1  xcb-util-errors-1.0.1-1  xcb-util-keysyms-0.4.1-4  xcb-util-renderutil-0.3.10-1  xcb-util-wm-0.4.2-1  xorg-fonts-encodings-1.1.0-1  xorg-server-common-21.1.11-1  xorg-setxkbmap-1.3.4-1  xorg-xinput-1.6.4-1  xorg-xkbcomp-1.4.7-1  xorg-xrandr-1.5.2-1  xorg-xwayland-23.2.4-2  hyprland-0.35.0-2

Total Download Size:   196.20 MiB
Total Installed Size:  695.13 MiB

:: Proceed with installation? [Y/n] 
:: Retrieving packages...
 vulkan-validation-layers-1.3.275-1-x86_64 downloading...
 hyprland-0.35.0-2-x86_64 downloading...
 glslang-14.0.0-2-x86_64 downloading...
 spirv-tools-2023.6-1-x86_64 downloading...
 vulkan-headers-1:1.3.279-1-any downloading...
 xorg-xwayland-23.2.4-2-x86_64 downloading...
 xorg-fonts-encodings-1.1.0-1-any downloading...
 polkit-124-2-x86_64 downloading...
 libinput-1.25.0-1-x86_64 downloading...
 tomlplusplus-3.4.0-1-x86_64 downloading...
 libwacom-2.10.0-1-x86_64 downloading...
 libxfont2-2.0.6-2-x86_64 downloading...
 libdisplay-info-0.1.1-3-x86_64 downloading...
 xorg-xkbcomp-1.4.7-1-x86_64 downloading...
 wayland-protocols-1.33-1-any downloading...
 libxkbfile-1.1.3-1-x86_64 downloading...
 libevdev-1.13.1-1-x86_64 downloading...
 libgudev-238-1-x86_64 downloading...
 seatd-0.8.0-1-x86_64 downloading...
 xorg-xrandr-1.5.2-1-x86_64 downloading...
 xcb-util-wm-0.4.2-1-x86_64 downloading...
 xorg-xinput-1.6.4-1-x86_64 downloading...
 xorg-server-common-21.1.11-1-x86_64 downloading...
 libliftoff-0.4.1-1-x86_64 downloading...
 mtdev-1.1.6-2-x86_64 downloading...
 libfontenc-1.1.8-1-x86_64 downloading...
 xorg-setxkbmap-1.3.4-1-x86_64 downloading...
 xcb-util-errors-1.0.1-1-x86_64 downloading...
 xcb-util-0.4.1-1-x86_64 downloading...
 libxcvt-0.1.2-1-x86_64 downloading...
 xcb-util-renderutil-0.3.10-1-x86_64 downloading...
 xcb-util-keysyms-0.4.1-4-x86_64 downloading...
checking keyring...
checking package integrity...
loading package files...
checking for file conflicts...
checking available disk space...
:: Processing package changes...
installing spirv-tools...
installing glslang...
installing libdisplay-info...
installing mtdev...
installing libevdev...
installing libgudev...
installing libwacom...
Optional dependencies for libwacom
    python-libevdev: for libwacom-show-stylus
    python-pyudev: for libwacom-show-stylus
installing libinput...
Optional dependencies for libinput
    gtk4: libinput debug-gui
    python-pyudev: libinput measure
    python-libevdev: libinput measure
    python-yaml: used by various tools
installing libliftoff...
installing polkit...
installing seatd...
installing tomlplusplus...
installing vulkan-headers...
installing vulkan-validation-layers...
installing wayland-protocols...
installing xcb-util...
installing xcb-util-errors...
installing xcb-util-keysyms...
installing xcb-util-renderutil...
installing xcb-util-wm...
installing xorg-xrandr...
installing xorg-xinput...
installing xorg-fonts-encodings...
installing libfontenc...
installing libxfont2...
installing libxkbfile...
installing xorg-xkbcomp...
installing xorg-setxkbmap...
installing xorg-server-common...
installing libxcvt...
installing xorg-xwayland...
installing hyprland...
Optional dependencies for hyprland
    cmake: to build and install plugins using hyprpm
    cpio: to build and install plugins using hyprpm
    meson: to build and install plugins using hyprpm
:: Running post-transaction hooks...
(1/8) Creating system user accounts...
Creating group 'seat' with GID 970.
Creating group 'polkitd' with GID 102.
Creating user 'polkitd' (User for polkitd) with UID 102 and GID 102.
(2/8) Reloading system manager configuration...
(3/8) Updating udev hardware database...
(4/8) Reloading device manager configuration...
(5/8) Arming ConditionNeedsUpdate...
(6/8) Reloading system bus configuration...
(7/8) Updating fontconfig cache...
(8/8) Updating the desktop file MIME type cache...
Sync Explicit (1): kitty-0.31.0-1
resolving dependencies...
looking for conflicting packages...

Packages (6) kitty-shell-integration-0.31.0-1  kitty-terminfo-0.31.0-1  librsync-1:2.3.4-1  libxkbcommon-x11-1.6.0-1  xxhash-0.8.2-1  kitty-0.31.0-1

Total Download Size:   11.21 MiB
Total Installed Size:  41.10 MiB

:: Proceed with installation? [Y/n] 
:: Retrieving packages...
 kitty-0.31.0-1-x86_64 downloading...
 xxhash-0.8.2-1-x86_64 downloading...
 librsync-1:2.3.4-1-x86_64 downloading...
 kitty-shell-integration-0.31.0-1-x86_64 downloading...
 libxkbcommon-x11-1.6.0-1-x86_64 downloading...
 kitty-terminfo-0.31.0-1-x86_64 downloading...
checking keyring...
checking package integrity...
loading package files...
checking for file conflicts...
checking available disk space...
:: Processing package changes...
installing libxkbcommon-x11...
installing librsync...
installing xxhash...
installing kitty-terminfo...
installing kitty-shell-integration...
installing kitty...
Optional dependencies for kitty
    imagemagick: viewing images with icat
    python-pygments: syntax highlighting in kitty +kitten diff
    libcanberra: playing "bell" sound on terminal bell
:: Running post-transaction hooks...
(1/3) Arming ConditionNeedsUpdate...
(2/3) Updating icon theme caches...
(3/3) Updating the desktop file MIME type cache...
Sync Explicit (1): waybar-0.9.24-3
resolving dependencies...
:: There are 2 providers available for jack:
:: Repository extra
   1) jack2  2) pipewire-jack

Enter a number (default=1): 
looking for conflicting packages...

Packages (29) atkmm-2.28.4-1  cairomm-1.14.5-1  chrono-date-3.0.1-3  fmt-10.2.0-1  glibmm-2.66.6-1  gtk-layer-shell-0.8.2-1  gtkmm3-3.24.8-1  jack2-1.9.22-1  jsoncpp-1.9.5-2  libappindicator-gtk3-12.10.0.r298-3  libbsd-0.12.1-1  libdbusmenu-glib-16.04.0.r498-2  libdbusmenu-gtk3-16.04.0.r498-2  libimobiledevice-1.3.0-10  libmd-1.1.0-1  libmpdclient-2.22-1  libpipewire-1:1.0.3-1  libplist-2.4.0-1  libsamplerate-0.2.2-2  libsigc++-2.12.1-1  libusbmuxd-2.0.2-3  libwireplumber-0.4.17-1  pangomm-2.46.4-1  playerctl-2.4.1-3  sndio-1.9.0-1  spdlog-1.13.0-1  upower-1.90.2-1  usbmuxd-1.1.1-3  waybar-0.9.24-3

Total Download Size:    8.13 MiB
Total Installed Size:  36.82 MiB

:: Proceed with installation? [Y/n] 
:: Retrieving packages...
 gtkmm3-3.24.8-1-x86_64 downloading...
 libsamplerate-0.2.2-2-x86_64 downloading...
 glibmm-2.66.6-1-x86_64 downloading...
 waybar-0.9.24-3-x86_64 downloading...
 libimobiledevice-1.3.0-10-x86_64 downloading...
 jack2-1.9.22-1-x86_64 downloading...
 libpipewire-1:1.0.3-1-x86_64 downloading...
 fmt-10.2.0-1-x86_64 downloading...
 libwireplumber-0.4.17-1-x86_64 downloading...
 libbsd-0.12.1-1-x86_64 downloading...
 libplist-2.4.0-1-x86_64 downloading...
 spdlog-1.13.0-1-x86_64 downloading...
 jsoncpp-1.9.5-2-x86_64 downloading...
 upower-1.90.2-1-x86_64 downloading...
 sndio-1.9.0-1-x86_64 downloading...
 atkmm-2.28.4-1-x86_64 downloading...
 pangomm-2.46.4-1-x86_64 downloading...
 cairomm-1.14.5-1-x86_64 downloading...
 libdbusmenu-glib-16.04.0.r498-2-x86_64 downloading...
 playerctl-2.4.1-3-x86_64 downloading...
 libmpdclient-2.22-1-x86_64 downloading...
 chrono-date-3.0.1-3-x86_64 downloading...
 gtk-layer-shell-0.8.2-1-x86_64 downloading...
 libsigc++-2.12.1-1-x86_64 downloading...
 libappindicator-gtk3-12.10.0.r298-3-x86_64 downloading...
 libdbusmenu-gtk3-16.04.0.r498-2-x86_64 downloading...
 libmd-1.1.0-1-x86_64 downloading...
 usbmuxd-1.1.1-3-x86_64 downloading...
 libusbmuxd-2.0.2-3-x86_64 downloading...
checking keyring...
checking package integrity...
loading package files...
checking for file conflicts...
checking available disk space...
:: Processing package changes...
installing libsigc++...
installing glibmm...
installing atkmm...
installing cairomm...
installing pangomm...
installing gtkmm3...
installing jsoncpp...
Optional dependencies for jsoncpp
    jsoncpp-doc: documentation
installing fmt...
installing libsamplerate...
installing jack2...
Optional dependencies for jack2
    a2jmidid: for ALSA MIDI to JACK MIDI bridging
    libffado: for firewire support using FFADO
    jack-example-tools: for official JACK example-clients and tools
    jack2-dbus: for dbus integration
    jack2-docs: for developer documentation
    realtime-privileges: for realtime privileges
installing chrono-date...
installing spdlog...
installing gtk-layer-shell...
installing libplist...
Optional dependencies for libplist
    python: Python bindings [installed]
installing libusbmuxd...
installing libimobiledevice...
Optional dependencies for libimobiledevice
    python: Python bindings [installed]
installing usbmuxd...
installing upower...
installing libdbusmenu-glib...
installing libdbusmenu-gtk3...
installing libappindicator-gtk3...
installing libmpdclient...
installing libmd...
installing libbsd...
installing sndio...
installing libpipewire...
installing libwireplumber...
installing playerctl...
installing waybar...
Optional dependencies for waybar
    otf-font-awesome: Icons in the default configuration
:: Running post-transaction hooks...
(1/7) Creating system user accounts...
Creating group 'usbmux' with GID 140.
Creating user 'usbmux' (usbmux user) with UID 140 and GID 140.
(2/7) Reloading system manager configuration...
(3/7) Reloading user manager configuration...
(4/7) Updating udev hardware database...
(5/7) Reloading device manager configuration...
(6/7) Arming ConditionNeedsUpdate...
(7/7) Reloading system bus configuration...
:: [1mThere are 2 providers available for cargo:
:: [1mRepository extra
    [0m1) rust 2) rustup [0m

Enter a number (default=1): 

AUR Explicit (1): swww-0.8.2-2
Sync Make Dependency (2): scdoc-1.11.3-1, rust-1:1.76.0-2
:: [1m(1/1) Downloaded PKGBUILD: swww[0m
  1 swww                                     (Build Files Exist)
==> Packages to cleanBuild?
==> [N]one [A]ll [Ab]ort [I]nstalled [No]tInstalled or (1 2 3, 1-3, ^4)
==> 
  1 swww                                     (Build Files Exist)
==> Diffs to show?
==> [N]one [A]ll [Ab]ort [I]nstalled [No]tInstalled or (1 2 3, 1-3, ^4)
==> 
==> Making package: swww 0.8.2-2 (Mon 11 Mar 2024 10:19:53 AM -03)
==> Retrieving sources...
  -> Downloading swww-0.8.2.tar.gz...
  % Total    % Received % Xferd  Average Speed   Time    Time     Time  Current
                                 Dload  Upload   Total   Spent    Left  Speed
  0     0    0     0    0     0      0      0 --:--:-- --:--:-- --:--:--     0  0     0    0     0    0     0      0      0 --:--:-- --:--:-- --:--:--     0  0     0    0     0    0     0      0      0 --:--:-- --:--:-- --:--:--     0
  0     0    0     0    0     0      0      0 --:--:--  0:00:01 --:--:--     0100 73488  100 73488    0     0  39954      0  0:00:01  0:00:01 --:--:-- 95812
==> WARNING: Skipping verification of source file PGP signatures.
==> Validating source files with sha256sums...
    swww-0.8.2.tar.gz ... Passed
:: [1m(1/1) Parsing SRCINFO: swww[0m
resolving dependencies...
looking for conflicting packages...

Packages (2) rust-1:1.76.0-2  scdoc-1.11.3-1

Total Download Size:    60.36 MiB
Total Installed Size:  260.59 MiB

:: Proceed with installation? [Y/n] 
:: Retrieving packages...
 rust-1:1.76.0-2-x86_64 downloading...
 scdoc-1.11.3-1-x86_64 downloading...
checking keyring...
checking package integrity...
loading package files...
checking for file conflicts...
checking available disk space...
:: Processing package changes...
installing rust...
Optional dependencies for rust
    gdb: rust-gdb script
    lldb: rust-lldb script
installing scdoc...
:: Running post-transaction hooks...
(1/1) Arming ConditionNeedsUpdate...
==> Making package: swww 0.8.2-2 (Mon 11 Mar 2024 10:20:02 AM -03)
==> Checking runtime dependencies...
==> Checking buildtime dependencies...
==> Retrieving sources...
  -> Found swww-0.8.2.tar.gz
==> Validating source files with sha256sums...
    swww-0.8.2.tar.gz ... Passed
==> Removing existing $srcdir/ directory...
==> Extracting sources...
  -> Extracting swww-0.8.2.tar.gz with bsdtar
==> Starting prepare()...
    Updating crates.io index
 Downloading crates ...
  Downloaded once_cell v1.19.0
  Downloaded ptr_meta v0.1.4
  Downloaded ptr_meta_derive v0.1.4
  Downloaded bytecheck_derive v0.6.11
  Downloaded tinyvec_macros v0.1.1
  Downloaded cfg-if v1.0.0
  Downloaded rend v0.4.1
  Downloaded rkyv_derive v0.7.43
  Downloaded bytecheck v0.6.11
  Downloaded radium v0.7.0
  Downloaded ahash v0.7.7
  Downloaded ppv-lite86 v0.2.17
  Downloaded seahash v4.1.0
  Downloaded simdutf8 v0.1.4
  Downloaded getrandom v0.2.12
  Downloaded crossbeam-utils v0.8.19
  Downloaded tinyvec v1.6.0
  Downloaded unicode-ident v1.0.12
  Downloaded bytes v1.5.0
  Downloaded rkyv v0.7.43
  Downloaded uuid v1.6.1
  Downloaded hashbrown v0.12.3
  Downloaded criterion v0.5.1
  Downloaded funty v2.0.0
  Downloaded same-file v1.0.6
  Downloaded jobserver v0.1.27
  Downloaded walkdir v2.4.0
  Downloaded version_check v0.9.4
  Downloaded lazy_static v1.4.0
  Downloaded plotters-svg v0.3.5
  Downloaded color_quant v1.1.0
  Downloaded ryu v1.0.16
  Downloaded rand_chacha v0.3.1
  Downloaded crossbeam-deque v0.8.5
  Downloaded is-terminal v0.4.10
  Downloaded time-core v0.1.2
  Downloaded termtree v0.4.1
  Downloaded cast v0.3.0
  Downloaded ciborium-io v0.2.1
  Downloaded colorchoice v1.0.0
  Downloaded predicates-core v1.0.6
  Downloaded tinytemplate v1.2.1
  Downloaded wayland-csd-frame v0.3.0
  Downloaded wayland-cursor v0.31.0
  Downloaded lebe v0.5.2
  Downloaded num_threads v0.1.6
  Downloaded xcursor v0.3.5
  Downloaded bitflags v1.3.2
  Downloaded doc-comment v0.3.3
  Downloaded scopeguard v1.2.0
  Downloaded tap v1.0.1
  Downloaded wyz v0.5.1
  Downloaded dlib v0.5.2
  Downloaded bit_field v0.10.2
  Downloaded criterion-plot v0.5.0
  Downloaded errno v0.3.8
  Downloaded either v1.9.0
  Downloaded plotters-backend v0.3.5
  Downloaded anstyle-parse v0.2.3
  Downloaded downcast-rs v1.2.0
  Downloaded anes v0.1.6
  Downloaded ciborium-ll v0.2.1
  Downloaded utf8parse v0.2.1
  Downloaded deranged v0.3.11
  Downloaded powerfmt v0.2.0
  Downloaded anstyle-query v1.0.2
  Downloaded mint v0.5.9
  Downloaded sd-notify v0.4.1
  Downloaded pkg-config v0.3.28
  Downloaded oorandom v11.1.3
  Downloaded anstyle v1.0.4
  Downloaded clap_lex v0.6.0
  Downloaded strsim v0.10.0
  Downloaded terminal_size v0.3.0
  Downloaded heck v0.4.1
  Downloaded thiserror-impl v1.0.56
  Downloaded wayland-sys v0.31.1
  Downloaded termcolor v1.1.3
  Downloaded simd-adler32 v0.3.7
  Downloaded simplelog v0.12.1
  Downloaded thiserror v1.0.56
  Downloaded serde_derive v1.0.195
  Downloaded cursor-icon v1.1.0
  Downloaded predicates v3.0.4
  Downloaded predicates-tree v1.0.9
  Downloaded assert_cmd v2.0.13
  Downloaded keyframe v1.1.1
  Downloaded autocfg v1.1.0
  Downloaded memoffset v0.7.1
  Downloaded zune-inflate v0.2.54
  Downloaded scoped-tls v1.0.1
  Downloaded log v0.4.20
  Downloaded num-traits v0.2.17
  Downloaded difflib v0.4.0
  Downloaded spin_sleep v1.2.0
  Downloaded byteorder v1.5.0
  Downloaded libloading v0.8.1
  Downloaded itoa v1.0.10
  Downloaded spin v0.9.8
  Downloaded serde_json v1.0.111
  Downloaded clap_derive v4.4.7
  Downloaded time-macros v0.2.16
  Downloaded bytemuck v1.14.0
  Downloaded ciborium v0.2.1
  Downloaded memmap2 v0.9.3
  Downloaded wait-timeout v0.2.0
  Downloaded adler v1.0.2
  Downloaded bitflags v2.4.1
  Downloaded fdeflate v0.3.3
  Downloaded lock_api v0.4.11
  Downloaded crc32fast v1.3.2
  Downloaded quote v1.0.35
  Downloaded wayland-protocols-wlr v0.2.0
  Downloaded smallvec v1.12.0
  Downloaded cc v1.0.83
  Downloaded crossbeam-epoch v0.9.18
  Downloaded clap_complete v4.4.6
  Downloaded wayland-scanner v0.31.0
  Downloaded rand_core v0.6.4
  Downloaded miniz_oxide v0.7.1
  Downloaded half v2.2.1
  Downloaded weezl v0.1.7
  Downloaded rand v0.8.5
  Downloaded half v1.8.2
  Downloaded rayon-core v1.12.0
  Downloaded anstream v0.6.7
  Downloaded smithay-client-toolkit v0.18.0
  Downloaded time v0.3.31
  Downloaded qoi v0.4.1
  Downloaded memchr v2.7.1
  Downloaded serde v1.0.195
  Downloaded proc-macro2 v1.0.76
  Downloaded flate2 v1.0.28
  Downloaded clap v4.4.16
  Downloaded wayland-client v0.31.1
  Downloaded wayland-backend v0.3.2
  Downloaded nix v0.27.1
  Downloaded nix v0.26.4
  Downloaded flume v0.11.0
  Downloaded png v0.17.11
  Downloaded bstr v1.9.0
  Downloaded xkeysym v0.2.0
  Downloaded regex v1.10.2
  Downloaded syn v1.0.109
  Downloaded fast_image_resize v2.7.3
  Downloaded itertools v0.10.5
  Downloaded libm v0.2.8
  Downloaded lzzzz v1.0.4
  Downloaded wayland-protocols v0.31.0
  Downloaded itertools v0.11.0
  Downloaded rayon v1.8.0
  Downloaded clap_builder v4.4.16
  Downloaded quick-xml v0.30.0
  Downloaded plotters v0.3.5
  Downloaded aho-corasick v1.1.2
  Downloaded regex-syntax v0.8.2
  Downloaded syn v2.0.48
  Downloaded exr v1.71.0
  Downloaded bitvec v1.0.1
  Downloaded rustix v0.38.30
  Downloaded regex-automata v0.4.3
  Downloaded gif v0.12.0
  Downloaded libc v0.2.152
  Downloaded jpeg-decoder v0.3.1
  Downloaded tiff v0.9.1
  Downloaded linux-raw-sys v0.4.12
  Downloaded image v0.24.8
==> Sources are ready.
==> Making package: swww 0.8.2-2 (Mon 11 Mar 2024 10:20:20 AM -03)
==> Checking runtime dependencies...
==> Checking buildtime dependencies...
==> WARNING: Using existing $srcdir/ tree
==> Starting build()...
   Compiling cfg-if v1.0.0
   Compiling proc-macro2 v1.0.76
   Compiling unicode-ident v1.0.12
   Compiling autocfg v1.1.0
   Compiling libc v0.2.152
   Compiling bitflags v2.4.1
   Compiling crossbeam-utils v0.8.19
   Compiling bitflags v1.3.2
   Compiling pkg-config v0.3.28
   Compiling smallvec v1.12.0
   Compiling log v0.4.20
   Compiling syn v1.0.109
   Compiling simd-adler32 v0.3.7
   Compiling rayon-core v1.12.0
   Compiling memchr v2.7.1
   Compiling libloading v0.8.1
   Compiling libm v0.2.8
   Compiling scoped-tls v1.0.1
   Compiling utf8parse v0.2.1
   Compiling dlib v0.5.2
   Compiling rustix v0.38.30
   Compiling downcast-rs v1.2.0
   Compiling version_check v0.9.4
   Compiling anstyle-parse v0.2.3
   Compiling crc32fast v1.3.2
   Compiling linux-raw-sys v0.4.12
   Compiling colorchoice v1.0.0
   Compiling anstyle v1.0.4
   Compiling anstyle-query v1.0.2
   Compiling adler v1.0.2
   Compiling heck v0.4.1
   Compiling miniz_oxide v0.7.1
   Compiling anstream v0.6.7
   Compiling strsim v0.10.0
   Compiling either v1.9.0
   Compiling memoffset v0.7.1
   Compiling num-traits v0.2.17
   Compiling lock_api v0.4.11
   Compiling quick-xml v0.30.0
   Compiling ahash v0.7.7
   Compiling scopeguard v1.2.0
   Compiling quote v1.0.35
   Compiling once_cell v1.19.0
   Compiling thiserror v1.0.56
   Compiling crossbeam-epoch v0.9.18
   Compiling clap_lex v0.6.0
   Compiling syn v2.0.48
   Compiling clap_builder v4.4.16
   Compiling crossbeam-deque v0.8.5
   Compiling jobserver v0.1.27
   Compiling wayland-sys v0.31.1
   Compiling cc v1.0.83
   Compiling rkyv v0.7.43
   Compiling spin v0.9.8
   Compiling flate2 v1.0.28
   Compiling seahash v4.1.0
   Compiling powerfmt v0.2.0
   Compiling time-core v0.1.2
   Compiling weezl v0.1.7
   Compiling flume v0.11.0
   Compiling time-macros v0.2.16
   Compiling wayland-scanner v0.31.0
   Compiling rayon v1.8.0
   Compiling getrandom v0.2.12
   Compiling nix v0.26.4
   Compiling rand_core v0.6.4
   Compiling deranged v0.3.11
   Compiling zune-inflate v0.2.54
   Compiling fdeflate v0.3.3
   Compiling hashbrown v0.12.3
   Compiling xcursor v0.3.5
   Compiling half v2.2.1
   Compiling cursor-icon v1.1.0
   Compiling itoa v1.0.10
   Compiling bytemuck v1.14.0
   Compiling lazy_static v1.4.0
   Compiling color_quant v1.1.0
   Compiling smithay-client-toolkit v0.18.0
   Compiling bit_field v0.10.2
   Compiling terminal_size v0.3.0
   Compiling num_threads v0.1.6
   Compiling lebe v0.5.2
   Compiling ppv-lite86 v0.2.17
   Compiling qoi v0.4.1
   Compiling exr v1.71.0
   Compiling gif v0.12.0
   Compiling png v0.17.11
   Compiling memmap2 v0.9.3
   Compiling rand_chacha v0.3.1
   Compiling termcolor v1.1.3
   Compiling wayland-backend v0.3.2
   Compiling lzzzz v1.0.4
   Compiling time v0.3.31
   Compiling xkeysym v0.2.0
   Compiling jpeg-decoder v0.3.1
   Compiling mint v0.5.9
   Compiling byteorder v1.5.0
   Compiling rand v0.8.5
   Compiling nix v0.27.1
   Compiling keyframe v1.1.1
   Compiling wayland-client v0.31.1
   Compiling wayland-csd-frame v0.3.0
   Compiling tiff v0.9.1
   Compiling sd-notify v0.4.1
   Compiling simplelog v0.12.1
   Compiling spin_sleep v1.2.0
   Compiling wayland-protocols v0.31.0
   Compiling wayland-cursor v0.31.0
   Compiling image v0.24.8
   Compiling ptr_meta_derive v0.1.4
   Compiling rkyv_derive v0.7.43
   Compiling clap_derive v4.4.7
   Compiling thiserror-impl v1.0.56
   Compiling ptr_meta v0.1.4
   Compiling fast_image_resize v2.7.3
   Compiling clap v4.4.16
   Compiling clap_complete v4.4.6
   Compiling swww v0.8.2 (/home/gut11/.cache/yay/swww/src/swww-0.8.2)
warning: swww@0.8.2: generated shell completion file: "completions/swww.bash"
warning: swww@0.8.2: generated shell completion file: "completions/_swww"
warning: swww@0.8.2: generated shell completion file: "completions/swww.fish"
warning: swww@0.8.2: generated shell completion file: "completions/swww.elv"
   Compiling wayland-protocols-wlr v0.2.0
   Compiling utils v0.8.2 (/home/gut11/.cache/yay/swww/src/swww-0.8.2/utils)
   Compiling swww-daemon v0.8.2 (/home/gut11/.cache/yay/swww/src/swww-0.8.2/daemon)
    Finished release [optimized] target(s) in 1m 44s
mkdir: created directory './doc/generated'
generating ./doc/generated/swww.1... ...done!
generating ./doc/generated/swww-clear.1... ...done!
generating ./doc/generated/swww-clear-cache.1... ...done!
generating ./doc/generated/swww-daemon.1... ...done!
generating ./doc/generated/swww-img.1... ...done!
generating ./doc/generated/swww-init.1... ...done!
generating ./doc/generated/swww-kill.1... ...done!
generating ./doc/generated/swww-query.1... ...done!
==> Starting check()...
   Compiling proc-macro2 v1.0.76
   Compiling cfg-if v1.0.0
   Compiling libc v0.2.152
   Compiling unicode-ident v1.0.12
   Compiling autocfg v1.1.0
   Compiling bitflags v2.4.1
   Compiling crossbeam-utils v0.8.19
   Compiling bitflags v1.3.2
   Compiling smallvec v1.12.0
   Compiling anstyle v1.0.4
   Compiling utf8parse v0.2.1
   Compiling rayon-core v1.12.0
   Compiling syn v1.0.109
   Compiling anstyle-query v1.0.2
   Compiling either v1.9.0
   Compiling simd-adler32 v0.3.7
   Compiling colorchoice v1.0.0
   Compiling anstyle-parse v0.2.3
   Compiling libm v0.2.8
   Compiling pkg-config v0.3.28
   Compiling clap_lex v0.6.0
   Compiling rustix v0.38.30
   Compiling strsim v0.10.0
   Compiling anstream v0.6.7
   Compiling version_check v0.9.4
   Compiling libloading v0.8.1
   Compiling log v0.4.20
   Compiling heck v0.4.1
   Compiling adler v1.0.2
   Compiling linux-raw-sys v0.4.12
   Compiling crc32fast v1.3.2
   Compiling miniz_oxide v0.7.1
   Compiling dlib v0.5.2
   Compiling thiserror v1.0.56
   Compiling scopeguard v1.2.0
   Compiling once_cell v1.19.0
   Compiling clap_builder v4.4.16
   Compiling scoped-tls v1.0.1
   Compiling memoffset v0.7.1
   Compiling num-traits v0.2.17
   Compiling lock_api v0.4.11
   Compiling memchr v2.7.1
   Compiling rkyv v0.7.43
   Compiling ahash v0.7.7
   Compiling quote v1.0.35
   Compiling crossbeam-epoch v0.9.18
   Compiling downcast-rs v1.2.0
   Compiling flate2 v1.0.28
   Compiling syn v2.0.48
   Compiling crossbeam-deque v0.8.5
   Compiling jobserver v0.1.27
   Compiling spin v0.9.8
   Compiling quick-xml v0.30.0
   Compiling wayland-sys v0.31.1
   Compiling weezl v0.1.7
   Compiling cc v1.0.83
   Compiling ppv-lite86 v0.2.17
   Compiling seahash v4.1.0
   Compiling flume v0.11.0
   Compiling fdeflate v0.3.3
   Compiling zune-inflate v0.2.54
   Compiling half v2.2.1
   Compiling rayon v1.8.0
   Compiling bytemuck v1.14.0
   Compiling lebe v0.5.2
   Compiling lazy_static v1.4.0
   Compiling getrandom v0.2.12
   Compiling nix v0.26.4
   Compiling doc-comment v0.3.3
   Compiling color_quant v1.1.0
   Compiling predicates-core v1.0.6
   Compiling rand_core v0.6.4
   Compiling bit_field v0.10.2
   Compiling gif v0.12.0
   Compiling qoi v0.4.1
   Compiling hashbrown v0.12.3
   Compiling rand_chacha v0.3.1
   Compiling exr v1.71.0
   Compiling png v0.17.11
   Compiling itertools v0.11.0
   Compiling byteorder v1.5.0
   Compiling wayland-scanner v0.31.0
   Compiling rand v0.8.5
   Compiling difflib v0.4.0
   Compiling termtree v0.4.1
   Compiling regex-automata v0.4.3
   Compiling predicates-tree v1.0.9
   Compiling terminal_size v0.3.0
   Compiling wait-timeout v0.2.0
   Compiling time-core v0.1.2
   Compiling powerfmt v0.2.0
   Compiling deranged v0.3.11
   Compiling time-macros v0.2.16
   Compiling predicates v3.0.4
   Compiling xcursor v0.3.5
   Compiling wayland-backend v0.3.2
   Compiling lzzzz v1.0.4
   Compiling jpeg-decoder v0.3.1
   Compiling bstr v1.9.0
   Compiling num_threads v0.1.6
   Compiling itoa v1.0.10
   Compiling cursor-icon v1.1.0
   Compiling smithay-client-toolkit v0.18.0
   Compiling memmap2 v0.9.3
   Compiling termcolor v1.1.3
   Compiling mint v0.5.9
   Compiling xkeysym v0.2.0
   Compiling nix v0.27.1
   Compiling sd-notify v0.4.1
   Compiling tiff v0.9.1
   Compiling assert_cmd v2.0.13
   Compiling wayland-csd-frame v0.3.0
   Compiling keyframe v1.1.1
   Compiling spin_sleep v1.2.0
   Compiling wayland-client v0.31.1
   Compiling image v0.24.8
   Compiling time v0.3.31
   Compiling wayland-protocols v0.31.0
   Compiling wayland-cursor v0.31.0
   Compiling clap_derive v4.4.7
   Compiling ptr_meta_derive v0.1.4
   Compiling thiserror-impl v1.0.56
   Compiling rkyv_derive v0.7.43
   Compiling simplelog v0.12.1
   Compiling ptr_meta v0.1.4
   Compiling fast_image_resize v2.7.3
   Compiling clap v4.4.16
   Compiling clap_complete v4.4.6
   Compiling swww v0.8.2 (/home/gut11/.cache/yay/swww/src/swww-0.8.2)
   Compiling wayland-protocols-wlr v0.2.0
warning: swww@0.8.2: generated shell completion file: "completions/swww.bash"
warning: swww@0.8.2: generated shell completion file: "completions/_swww"
warning: swww@0.8.2: generated shell completion file: "completions/swww.fish"
warning: swww@0.8.2: generated shell completion file: "completions/swww.elv"
   Compiling utils v0.8.2 (/home/gut11/.cache/yay/swww/src/swww-0.8.2/utils)
   Compiling swww-daemon v0.8.2 (/home/gut11/.cache/yay/swww/src/swww-0.8.2/daemon)
    Finished test [unoptimized + debuginfo] target(s) in 20.93s
     Running unittests src/main.rs (target/debug/deps/swww-f49f2247619321dc)

running 2 tests
test cli::tests::should_convert_colors_from_hex ... ok
test cli::tests::should_reject_wrong_colors ... ok

test result: ok. 2 passed; 0 failed; 0 ignored; 0 measured; 0 filtered out; finished in 0.00s

     Running tests/integration.rs (target/debug/deps/integration-e21a55e56c9f4cfd)

running 1 test
test general_commands ... ignored

test result: ok. 0 passed; 0 failed; 1 ignored; 0 measured; 0 filtered out; finished in 0.00s

     Running tests/spell_check.rs (target/debug/deps/spell_check-af2acba1fd6cacae)

running 1 test
test spell_check_code_and_man_pages ... ignored

test result: ok. 0 passed; 0 failed; 1 ignored; 0 measured; 0 filtered out; finished in 0.00s

     Running unittests src/main.rs (target/debug/deps/swww_daemon-0191e5691ce60e54)

running 0 tests

test result: ok. 0 passed; 0 failed; 0 ignored; 0 measured; 0 filtered out; finished in 0.00s

==> Entering fakeroot environment...
==> Starting package()...
==> Tidying install...
  -> Removing libtool files...
  -> Purging unwanted files...
  -> Removing static library files...
  -> Stripping unneeded symbols from binaries and libraries...
  -> Compressing man and info pages...
==> Checking for packaging issues...
==> Creating package "swww"...
  -> Generating .PKGINFO file...
  -> Generating .BUILDINFO file...
  -> Generating .MTREE file...
  -> Compressing package...
==> Creating package "swww-debug"...
  -> Generating .PKGINFO file...
  -> Generating .BUILDINFO file...
  -> Generating .MTREE file...
  -> Compressing package...
==> Leaving fakeroot environment.
==> Finished making: swww 0.8.2-2 (Mon 11 Mar 2024 10:22:29 AM -03)
==> Cleaning up...
loading packages...
resolving dependencies...
looking for conflicting packages...

Packages (2) swww-0.8.2-2  swww-debug-0.8.2-2

Total Installed Size:  4.35 MiB

:: Proceed with installation? [Y/n] 
checking keyring...
checking package integrity...
loading package files...
checking for file conflicts...
checking available disk space...
:: Processing package changes...
installing swww...
installing swww-debug...
:: Running post-transaction hooks...
(1/1) Arming ConditionNeedsUpdate...
Sync Explicit (1): wofi-1.4.1-1
resolving dependencies...
looking for conflicting packages...

Packages (1) wofi-1.4.1-1

Total Download Size:   0.06 MiB
Total Installed Size:  0.12 MiB

:: Proceed with installation? [Y/n] 
:: Retrieving packages...
 wofi-1.4.1-1-x86_64 downloading...
checking keyring...
checking package integrity...
loading package files...
checking for file conflicts...
checking available disk space...
:: Processing package changes...
installing wofi...
:: Running post-transaction hooks...
(1/1) Arming ConditionNeedsUpdate...
Sync Explicit (1): mako-1.8.0-1
resolving dependencies...
looking for conflicting packages...

Packages (1) mako-1.8.0-1

Total Download Size:   0.05 MiB
Total Installed Size:  0.12 MiB

:: Proceed with installation? [Y/n] 
:: Retrieving packages...
 mako-1.8.0-1-x86_64 downloading...
checking keyring...
checking package integrity...
loading package files...
checking for file conflicts...
checking available disk space...
:: Processing package changes...
installing mako...
Optional dependencies for mako
    jq: support for 'makoctl menu'
:: Running post-transaction hooks...
(1/2) Reloading user manager configuration...
(2/2) Arming ConditionNeedsUpdate...
Sync Explicit (1): xdg-desktop-portal-hyprland-1.3.1-5
resolving dependencies...
looking for conflicting packages...
warning: dependency cycle detected:
warning: libcamera-ipa will be installed before its libcamera dependency

Packages (25) double-conversion-3.3.0-1  fuse-common-3.16.2-1  fuse3-3.16.2-1  geoclue-2.7.1-2  hyprlang-0.4.1-1  libb2-0.98.1-2  libcamera-0.2.0-1  libcamera-ipa-0.2.0-1  libinih-57-1  libmm-glib-1.22.0-1  libyaml-0.2.5-2  md4c-0.5.2-1  pipewire-1:1.0.3-1  qt6-base-6.6.2-4  qt6-declarative-6.6.2-1  qt6-translations-6.6.2-1  qt6-wayland-6.6.2-1  rtkit-0.13-2  sdbus-cpp-1.5.0-3  tslib-1.23-1  wlroots-0.17.1-1  xcb-util-cursor-0.1.5-1  xcb-util-image-0.4.1-2  xdg-desktop-portal-1.18.2-1  xdg-desktop-portal-hyprland-1.3.1-5

Total Download Size:    32.40 MiB
Total Installed Size:  183.94 MiB

:: Proceed with installation? [Y/n] 
:: Retrieving packages...
 qt6-base-6.6.2-4-x86_64 downloading...
 qt6-declarative-6.6.2-1-x86_64 downloading...
 qt6-translations-6.6.2-1-any downloading...
 qt6-wayland-6.6.2-1-x86_64 downloading...
 libmm-glib-1.22.0-1-x86_64 downloading...
 pipewire-1:1.0.3-1-x86_64 downloading...
 libcamera-0.2.0-1-x86_64 downloading...
 wlroots-0.17.1-1-x86_64 downloading...
 xdg-desktop-portal-1.18.2-1-x86_64 downloading...
 geoclue-2.7.1-2-x86_64 downloading...
 sdbus-cpp-1.5.0-3-x86_64 downloading...
 xdg-desktop-portal-hyprland-1.3.1-5-x86_64 downloading...
 fuse3-3.16.2-1-x86_64 downloading...
 libcamera-ipa-0.2.0-1-x86_64 downloading...
 tslib-1.23-1-x86_64 downloading...
 hyprlang-0.4.1-1-x86_64 downloading...
 md4c-0.5.2-1-x86_64 downloading...
 libyaml-0.2.5-2-x86_64 downloading...
 double-conversion-3.3.0-1-x86_64 downloading...
 libb2-0.98.1-2-x86_64 downloading...
 rtkit-0.13-2-x86_64 downloading...
 xcb-util-image-0.4.1-2-x86_64 downloading...
 libinih-57-1-x86_64 downloading...
 xcb-util-cursor-0.1.5-1-x86_64 downloading...
 fuse-common-3.16.2-1-x86_64 downloading...
checking keyring...
checking package integrity...
loading package files...
checking for file conflicts...
checking available disk space...
:: Processing package changes...
installing hyprlang...
installing libinih...
installing libcamera-ipa...
installing libyaml...
installing libcamera...
Optional dependencies for libcamera
    gst-plugin-libcamera: GStreamer plugin
    libcamera-docs: for documentation
    libcamera-tools: for applications
installing pipewire...
Created symlink /etc/systemd/user/sockets.target.wants/pipewire.socket → /usr/lib/systemd/user/pipewire.socket.
Optional dependencies for pipewire
    gst-plugin-pipewire: GStreamer plugin
    pipewire-alsa: ALSA configuration
    pipewire-audio: Audio support
    pipewire-docs: Documentation
    pipewire-ffado: FireWire support
    pipewire-jack-client: PipeWire as JACK client
    pipewire-jack: JACK replacement
    pipewire-pulse: PulseAudio replacement
    pipewire-roc: ROC streaming
    pipewire-session-manager: Session manager
    pipewire-v4l2: V4L2 interceptor
    pipewire-x11-bell: X11 bell
    pipewire-zeroconf: Zeroconf support
    realtime-privileges: realtime privileges with rt module
    rtkit: realtime privileges with rtkit module [pending]
installing double-conversion...
installing libb2...
installing md4c...
installing tslib...
installing xcb-util-image...
installing xcb-util-cursor...
installing qt6-translations...
installing qt6-base...
Optional dependencies for qt6-base
    freetds: MS SQL driver
    gdk-pixbuf2: GTK platform plugin [installed]
    gtk3: GTK platform plugin [installed]
    libfbclient: Firebird/iBase driver
    mariadb-libs: MariaDB driver
    pango: GTK platform plugin [installed]
    perl: for syncqt [installed]
    postgresql-libs: PostgreSQL driver
    qt6-wayland: to run Qt6 applications in a Wayland session [pending]
    unixodbc: ODBC driver
installing qt6-declarative...
Optional dependencies for qt6-declarative
    qt6-languageserver: for qmlls
installing qt6-wayland...
installing sdbus-cpp...
installing wlroots...
Optional dependencies for wlroots
    xorg-xwayland: Xwayland support [installed]
installing fuse-common...
installing fuse3...
installing libmm-glib...
installing geoclue...
Optional dependencies for geoclue
    libnotify: Demo Agent
installing rtkit...
installing xdg-desktop-portal...
Optional dependencies for xdg-desktop-portal
    xdg-desktop-portal-impl: Portal backends [pending]
installing xdg-desktop-portal-hyprland...
Optional dependencies for xdg-desktop-portal-hyprland
    grim: required for the screenshot portal to function
    slurp: support for interactive mode for the screenshot portal
:: Running post-transaction hooks...
(1/8) Creating system user accounts...
Creating group 'geoclue' with GID 969.
Creating user 'geoclue' (Geoinformation service) with UID 969 and GID 969.
Creating group 'rtkit' with GID 133.
Creating user 'rtkit' (RealtimeKit) with UID 133 and GID 133.
(2/8) Reloading system manager configuration...
(3/8) Reloading user manager configuration...
(4/8) Creating temporary files...
(5/8) Reloading device manager configuration...
(6/8) Arming ConditionNeedsUpdate...
(7/8) Reloading system bus configuration...
(8/8) Updating the desktop file MIME type cache...
Sync Explicit (1): swappy-1.5.1-1
resolving dependencies...
looking for conflicting packages...

Packages (1) swappy-1.5.1-1

Total Download Size:   0.03 MiB
Total Installed Size:  0.12 MiB

:: Proceed with installation? [Y/n] 
:: Retrieving packages...
 swappy-1.5.1-1-x86_64 downloading...
checking keyring...
checking package integrity...
loading package files...
checking for file conflicts...
checking available disk space...
:: Processing package changes...
installing swappy...
Optional dependencies for swappy
    wl-clipboard: for persistent clipboard
    otf-font-awesome: to draw paint icons
:: Running post-transaction hooks...
(1/3) Arming ConditionNeedsUpdate...
(2/3) Updating icon theme caches...
(3/3) Updating the desktop file MIME type cache...
Sync Explicit (1): grim-1.4.1-1
resolving dependencies...
looking for conflicting packages...

Packages (1) grim-1.4.1-1

Total Download Size:   0.02 MiB
Total Installed Size:  0.04 MiB

:: Proceed with installation? [Y/n] 
:: Retrieving packages...
 grim-1.4.1-1-x86_64 downloading...
checking keyring...
checking package integrity...
loading package files...
checking for file conflicts...
checking available disk space...
:: Processing package changes...
installing grim...
:: Running post-transaction hooks...
(1/1) Arming ConditionNeedsUpdate...
Sync Explicit (1): slurp-1.5.0-1
resolving dependencies...
looking for conflicting packages...

Packages (1) slurp-1.5.0-1

Total Download Size:   0.02 MiB
Total Installed Size:  0.05 MiB

:: Proceed with installation? [Y/n] 
:: Retrieving packages...
 slurp-1.5.0-1-x86_64 downloading...
checking keyring...
checking package integrity...
loading package files...
checking for file conflicts...
checking available disk space...
:: Processing package changes...
installing slurp...
:: Running post-transaction hooks...
(1/1) Arming ConditionNeedsUpdate...
Sync Explicit (1): nemo-6.0.2-1
resolving dependencies...
looking for conflicting packages...

Packages (30) accountsservice-23.13.9-1  cinnamon-desktop-6.0.0-1  exempi-2.6.5-1  gcr-3.41.2-1  gvfs-1.52.2-2  libatasmart-0.19-6  libblockdev-3.1.0-2  libblockdev-crypto-3.1.0-2  libblockdev-fs-3.1.0-2  libblockdev-loop-3.1.0-2  libblockdev-mdraid-3.1.0-2  libblockdev-nvme-3.1.0-2  libblockdev-part-3.1.0-2  libblockdev-swap-3.1.0-2  libbluray-1.3.4-1  libbytesize-2.8-2  libcdio-2.1.0-3  libcdio-paranoia-10.2+2.0.1-3  libexif-0.6.24-2  libgnomekbd-1:3.28.1-1  libnotify-0.8.3-1  libnvme-1.8-1  libxklavier-5.4-5  mdadm-4.3-2  openssh-9.6p1-3  parted-3.6-1  udisks2-2.10.1-4  volume_key-0.3.12-8  xapp-2.8.2-1  nemo-6.0.2-1

Total Download Size:    9.57 MiB
Total Installed Size:  53.79 MiB

:: Proceed with installation? [Y/n] 
:: Retrieving packages...
 openssh-9.6p1-3-x86_64 downloading...
 udisks2-2.10.1-4-x86_64 downloading...
 gvfs-1.52.2-2-x86_64 downloading...
 nemo-6.0.2-1-x86_64 downloading...
 libbluray-1.3.4-1-x86_64 downloading...
 gcr-3.41.2-1-x86_64 downloading...
 exempi-2.6.5-1-x86_64 downloading...
 parted-3.6-1-x86_64 downloading...
 libexif-0.6.24-2-x86_64 downloading...
 mdadm-4.3-2-x86_64 downloading...
 cinnamon-desktop-6.0.0-1-x86_64 downloading...
 libcdio-2.1.0-3-x86_64 downloading...
 libnvme-1.8-1-x86_64 downloading...
 libblockdev-3.1.0-2-x86_64 downloading...
 xapp-2.8.2-1-x86_64 downloading...
 accountsservice-23.13.9-1-x86_64 downloading...
 libgnomekbd-1:3.28.1-1-x86_64 downloading...
 volume_key-0.3.12-8-x86_64 downloading...
 libxklavier-5.4-5-x86_64 downloading...
 libcdio-paranoia-10.2+2.0.1-3-x86_64 downloading...
 libblockdev-fs-3.1.0-2-x86_64 downloading...
 libnotify-0.8.3-1-x86_64 downloading...
 libatasmart-0.19-6-x86_64 downloading...
 libbytesize-2.8-2-x86_64 downloading...
 libblockdev-nvme-3.1.0-2-x86_64 downloading...
 libblockdev-crypto-3.1.0-2-x86_64 downloading...
 libblockdev-part-3.1.0-2-x86_64 downloading...
 libblockdev-mdraid-3.1.0-2-x86_64 downloading...
 libblockdev-swap-3.1.0-2-x86_64 downloading...
 libblockdev-loop-3.1.0-2-x86_64 downloading...
checking keyring...
checking package integrity...
loading package files...
checking for file conflicts...
checking available disk space...
:: Processing package changes...
installing accountsservice...
installing cinnamon-desktop...
installing openssh...
Optional dependencies for openssh
    libfido2: FIDO/U2F support
    sh: for ssh-copy-id and findssl.sh [installed]
    x11-ssh-askpass: input passphrase in X
    xorg-xauth: X11 forwarding
installing gcr...
installing libbluray...
Optional dependencies for libbluray
    java-runtime: BD-J library
installing libcdio...
installing libcdio-paranoia...
installing libatasmart...
installing libblockdev...
Optional dependencies for libblockdev
    libblockdev-btrfs: for BTRFS support
    libblockdev-crypto: for crypto support [pending]
    libblockdev-dm: for device-mapper support
    libblockdev-fs: for filesystem support [pending]
    libblockdev-loop: for loop device support [pending]
    libblockdev-lvm: for LVM support
    libblockdev-mdraid: for MDRAID support [pending]
    libblockdev-mpath: for multipath support
    libblockdev-nvdimm: for NVDIMM support
    libblockdev-nvme: for NVME support [pending]
    libblockdev-part: for partitioning support [pending]
    libblockdev-swap: for swap support [pending]
    python-libblockdev: for Python support
installing volume_key...
Optional dependencies for volume_key
    python-volume_key: for Python bindings
installing libblockdev-crypto...
installing libbytesize...
Optional dependencies for libbytesize
    python-six: for bscalc command
installing parted...
installing libblockdev-fs...
Optional dependencies for libblockdev-fs
    btrfs-progs: for BTRFS filesystem support [installed]
    dosfstools: for VFAT filesystem support
    exfatprogs: for exFAT filesystem support
    f2fs-tools: for F2FS filesystem support
    nilfs-utils: for nilfs filesystem support
    ntfs-3g: for NTFS filesystem support
    udftools: for UDF filesystem support
    xfsprogs: for XFS filesystem support
installing mdadm...
Optional dependencies for mdadm
    bash: mdcheck [installed]
installing libblockdev-mdraid...
installing libblockdev-loop...
installing libnvme...
installing libblockdev-nvme...
installing libblockdev-part...
installing libblockdev-swap...
installing udisks2...
Optional dependencies for udisks2
    udisks2-btrfs: for BTRFS module
    udisks2-lvm2: for LVM2 module
    btrfs-progs: for BTRFS support in libblockdev-fs [installed]
    dosfstools: for FAT support in libblockdev-fs
    exfatprogs: for exFAT support in libblockdev-fs
    e2fsprogs: for Ext2/3/4 support in libblockdev-fs [installed]
    f2fs-tools: for F2FS support in libblockdev-fs
    nilfs-utils: for NILFS support in libblockdev-fs
    udftools: for UDF support in libblockdev-fs
    xfsprogs: for XFS support in libblockdev-fs
installing gvfs...
Optional dependencies for gvfs
    gtk3: Recent files support [installed]
    gvfs-afc: AFC (mobile devices) support
    gvfs-goa: gnome-online-accounts (e.g. OwnCloud) support
    gvfs-google: Google Drive support
    gvfs-gphoto2: gphoto2 (PTP camera/MTP media player) support
    gvfs-mtp: MTP device support
    gvfs-nfs: NFS support
    gvfs-smb: SMB/CIFS (Windows client) support
installing exempi...
installing libexif...
installing libnotify...
installing libxklavier...
installing libgnomekbd...
installing xapp...
Optional dependencies for xapp
    python: for mate-desktop status applet [installed]
installing nemo...
Optional dependencies for nemo
    cinnamon-translations: i18n
    ffmpegthumbnailer: support for video thumbnails
    catdoc: search helpers support for legacy MS Office files
    ghostscript: search helpers support for PostScript files
    libgsf: search helpers support for MS Office files
    libreoffice: search helpers support for legacy MS Office powerpoint files
    odt2txt: search helpers support for LibreOffice files
    poppler: search helpers support for PDF
:: Running post-transaction hooks...
( 1/13) Reloading system manager configuration...
( 2/13) Reloading user manager configuration...
( 3/13) Creating temporary files...
( 4/13) Reloading device manager configuration...
( 5/13) Arming ConditionNeedsUpdate...
( 6/13) Updating the MIME type database...
( 7/13) Reloading system bus configuration...
( 8/13) Updating GIO module cache...
( 9/13) Compiling GSettings XML schema files...
(10/13) Updating icon theme caches...
(11/13) Reloading GVFS config...
(12/13) Updating the info directory file...
(13/13) Updating the desktop file MIME type cache...
Sync Explicit (1): polkit-gnome-0.105-10
resolving dependencies...
looking for conflicting packages...

Packages (1) polkit-gnome-0.105-10

Total Download Size:   0.06 MiB
Total Installed Size:  0.33 MiB

:: Proceed with installation? [Y/n] 
:: Retrieving packages...
 polkit-gnome-0.105-10-x86_64 downloading...
checking keyring...
checking package integrity...
loading package files...
checking for file conflicts...
checking available disk space...
:: Processing package changes...
installing polkit-gnome...
:: Running post-transaction hooks...
(1/2) Arming ConditionNeedsUpdate...
(2/2) Updating the desktop file MIME type cache...
Sync Explicit (1): python-requests-2.31.0-1
resolving dependencies...
looking for conflicting packages...

Packages (4) python-charset-normalizer-3.3.2-1  python-idna-3.6-1  python-urllib3-1.26.18-1  python-requests-2.31.0-1

Total Download Size:   0.54 MiB
Total Installed Size:  3.11 MiB

:: Proceed with installation? [Y/n] 
:: Retrieving packages...
 python-urllib3-1.26.18-1-any downloading...
 python-requests-2.31.0-1-any downloading...
 python-idna-3.6-1-any downloading...
 python-charset-normalizer-3.3.2-1-any downloading...
checking keyring...
checking package integrity...
loading package files...
checking for file conflicts...
checking available disk space...
:: Processing package changes...
installing python-charset-normalizer...
installing python-idna...
installing python-urllib3...
Optional dependencies for python-urllib3
    python-brotli: Brotli support
    python-certifi: security support
    python-cryptography: security support
    python-idna: security support [installed]
    python-pyopenssl: security support
    python-pysocks: SOCKS support
installing python-requests...
Optional dependencies for python-requests
    python-chardet: alternative character encoding library
    python-pysocks: SOCKS proxy support
:: Running post-transaction hooks...
(1/1) Arming ConditionNeedsUpdate...
Sync Explicit (1): pamixer-1.6-3
resolving dependencies...
looking for conflicting packages...

Packages (1) pamixer-1.6-3

Total Download Size:   0.09 MiB
Total Installed Size:  0.25 MiB

:: Proceed with installation? [Y/n] 
:: Retrieving packages...
 pamixer-1.6-3-x86_64 downloading...
checking keyring...
checking package integrity...
loading package files...
checking for file conflicts...
checking available disk space...
:: Processing package changes...
installing pamixer...
:: Running post-transaction hooks...
(1/1) Arming ConditionNeedsUpdate...
Sync Explicit (1): pavucontrol-1:5.0+r64+geba9ca6-1
resolving dependencies...
looking for conflicting packages...

Packages (4) libcanberra-1:0.30+r2+gc0620e4-3  sound-theme-freedesktop-0.8-5  tdb-1.4.9-1  pavucontrol-1:5.0+r64+geba9ca6-1

Total Download Size:   0.70 MiB
Total Installed Size:  2.13 MiB

:: Proceed with installation? [Y/n] 
:: Retrieving packages...
 sound-theme-freedesktop-0.8-5-any downloading...
 pavucontrol-1:5.0+r64+geba9ca6-1-x86_64 downloading...
 libcanberra-1:0.30+r2+gc0620e4-3-x86_64 downloading...
 tdb-1.4.9-1-x86_64 downloading...
checking keyring...
checking package integrity...
loading package files...
checking for file conflicts...
checking available disk space...
:: Processing package changes...
installing tdb...
Optional dependencies for tdb
    python: for python bindings [installed]
installing sound-theme-freedesktop...
installing libcanberra...
Optional dependencies for libcanberra
    gtk3: canberra-gtk-play [installed]
installing pavucontrol...
Optional dependencies for pavucontrol
    pulseaudio: Audio backend
:: Running post-transaction hooks...
(1/3) Reloading system manager configuration...
(2/3) Arming ConditionNeedsUpdate...
(3/3) Updating the desktop file MIME type cache...
Sync Explicit (1): brightnessctl-0.5.1-2
resolving dependencies...
looking for conflicting packages...

Packages (1) brightnessctl-0.5.1-2

Total Download Size:   0.01 MiB
Total Installed Size:  0.03 MiB

:: Proceed with installation? [Y/n] 
:: Retrieving packages...
 brightnessctl-0.5.1-2-x86_64 downloading...
checking keyring...
checking package integrity...
loading package files...
checking for file conflicts...
checking available disk space...
:: Processing package changes...
installing brightnessctl...
:: Running post-transaction hooks...
(1/1) Arming ConditionNeedsUpdate...
Sync Explicit (1): bluez-5.73-3
resolving dependencies...
looking for conflicting packages...

Packages (1) bluez-5.73-3

Total Download Size:   0.54 MiB
Total Installed Size:  1.53 MiB

:: Proceed with installation? [Y/n] 
:: Retrieving packages...
 bluez-5.73-3-x86_64 downloading...
checking keyring...
checking package integrity...
loading package files...
checking for file conflicts...
checking available disk space...
:: Processing package changes...
installing bluez...
:: Running post-transaction hooks...
(1/3) Reloading system manager configuration...
(2/3) Arming ConditionNeedsUpdate...
(3/3) Reloading system bus configuration...
Sync Explicit (1): bluez-utils-5.73-3
resolving dependencies...
looking for conflicting packages...

Packages (1) bluez-utils-5.73-3

Total Download Size:   0.89 MiB
Total Installed Size:  3.28 MiB

:: Proceed with installation? [Y/n] 
:: Retrieving packages...
 bluez-utils-5.73-3-x86_64 downloading...
checking keyring...
checking package integrity...
loading package files...
checking for file conflicts...
checking available disk space...
:: Processing package changes...
installing bluez-utils...
Optional dependencies for bluez-utils
    ell: for btpclient [installed]
:: Running post-transaction hooks...
(1/1) Arming ConditionNeedsUpdate...
Sync Explicit (1): blueman-2.3.5-3
resolving dependencies...
looking for conflicting packages...

Packages (7) bluez-libs-5.73-3  gobject-introspection-runtime-1.78.1-1  libgirepository-1.78.1-1  libnm-1.46.0-2  python-cairo-1.26.0-1  python-gobject-3.46.0-1  blueman-2.3.5-3

Total Download Size:    3.04 MiB
Total Installed Size:  15.46 MiB

:: Proceed with installation? [Y/n] 
:: Retrieving packages...
 blueman-2.3.5-3-x86_64 downloading...
 libnm-1.46.0-2-x86_64 downloading...
 python-gobject-3.46.0-1-x86_64 downloading...
 gobject-introspection-runtime-1.78.1-1-x86_64 downloading...
 libgirepository-1.78.1-1-x86_64 downloading...
 python-cairo-1.26.0-1-x86_64 downloading...
 bluez-libs-5.73-3-x86_64 downloading...
checking keyring...
checking package integrity...
loading package files...
checking for file conflicts...
checking available disk space...
:: Processing package changes...
installing bluez-libs...
installing libnm...
installing python-cairo...
installing libgirepository...
installing gobject-introspection-runtime...
installing python-gobject...
Optional dependencies for python-gobject
    cairo: Cairo bindings [installed]
installing blueman...
Optional dependencies for blueman
    dnsmasq: Network Access Point (NAP) support
    iproute2: Network Access Point (NAP) support [installed]
    networkmanager: Dial Up Networking (DUN) and Personal Area Networking (PAN) support
    pulseaudio-bluetooth: audio devices support
:: Running post-transaction hooks...
(1/7) Reloading system manager configuration...
(2/7) Reloading user manager configuration...
(3/7) Arming ConditionNeedsUpdate...
(4/7) Reloading system bus configuration...
(5/7) Compiling GSettings XML schema files...
(6/7) Updating icon theme caches...
(7/7) Updating the desktop file MIME type cache...
Sync Explicit (1): network-manager-applet-1.36.0-1
resolving dependencies...
looking for conflicting packages...

Packages (18) gcr-4-4.2.1-2  gpm-1.20.7.r38.ge82d1a6-5  libndp-1.8-1  libnewt-0.52.24-1  libnma-1.10.6-2  libnma-common-1.10.6-2  libpgm-5.3.128-3  libsodium-1.0.19-3  libteam-1.32-1  mobile-broadband-provider-info-20230416-1  networkmanager-1.46.0-2  nm-connection-editor-1.36.0-1  pcre-8.45-4  pcsclite-2.0.3-1  slang-2.3.3-2  wpa_supplicant-2:2.10-8  zeromq-4.3.5-2  network-manager-applet-1.36.0-1

Total Download Size:   10.13 MiB
Total Installed Size:  43.74 MiB

:: Proceed with installation? [Y/n] 
:: Retrieving packages...
 networkmanager-1.46.0-2-x86_64 downloading...
 wpa_supplicant-2:2.10-8-x86_64 downloading...
 pcre-8.45-4-x86_64 downloading...
 slang-2.3.3-2-x86_64 downloading...
 nm-connection-editor-1.36.0-1-x86_64 downloading...
 zeromq-4.3.5-2-x86_64 downloading...
 gcr-4-4.2.1-2-x86_64 downloading...
 libnma-common-1.10.6-2-x86_64 downloading...
 libsodium-1.0.19-3-x86_64 downloading...
 libpgm-5.3.128-3-x86_64 downloading...
 network-manager-applet-1.36.0-1-x86_64 downloading...
 gpm-1.20.7.r38.ge82d1a6-5-x86_64 downloading...
 libteam-1.32-1-x86_64 downloading...
 libnma-1.10.6-2-x86_64 downloading...
 pcsclite-2.0.3-1-x86_64 downloading...
 libnewt-0.52.24-1-x86_64 downloading...
 mobile-broadband-provider-info-20230416-1-any downloading...
 libndp-1.8-1-x86_64 downloading...
checking keyring...
checking package integrity...
loading package files...
checking for file conflicts...
checking available disk space...
:: Processing package changes...
installing gcr-4...
Optional dependencies for gcr-4
    gtk4: gcr-viewer-gtk4
installing mobile-broadband-provider-info...
installing libnma-common...
installing libnma...
installing libndp...
installing gpm...
installing pcre...
installing slang...
installing libnewt...
Optional dependencies for libnewt
    python: libnewt support with the _snack module [installed]
    tcl: whiptcl support
installing libsodium...
installing libpgm...
installing zeromq...
Optional dependencies for zeromq
    cppzmq: C++ binding for libzmq
installing libteam...
installing pcsclite...
Optional dependencies for pcsclite
    python: API call trace logging with the pcsc-spy [installed]
    ccid: USB Chip/Smart Card Interface Devices driver
installing wpa_supplicant...
installing networkmanager...
Optional dependencies for networkmanager
    bluez: Bluetooth support [installed]
    dhclient: alternative DHCP client
    dhcpcd: alternative DHCP client [installed]
    dnsmasq: connection sharing
    firewalld: firewall support
    iptables: connection sharing [installed]
    iwd: wpa_supplicant alternative [installed]
    modemmanager: cellular network support
    nftables: connection sharing
    openresolv: alternative resolv.conf manager
    pacrunner: PAC proxy support
    polkit: let non-root users control networking [installed]
    ppp: dialup connection support
installing nm-connection-editor...
installing network-manager-applet...
:: Running post-transaction hooks...
(1/9) Reloading system manager configuration...
(2/9) Reloading user manager configuration...
(3/9) Reloading device manager configuration...
(4/9) Arming ConditionNeedsUpdate...
(5/9) Reloading system bus configuration...
(6/9) Compiling GSettings XML schema files...
(7/9) Updating icon theme caches...
(8/9) Updating the info directory file...
(9/9) Updating the desktop file MIME type cache...
Sync Explicit (1): btop-1.3.2-1
resolving dependencies...
looking for conflicting packages...

Packages (1) btop-1.3.2-1

Total Download Size:   0.54 MiB
Total Installed Size:  1.53 MiB

:: Proceed with installation? [Y/n] 
:: Retrieving packages...
 btop-1.3.2-1-x86_64 downloading...
checking keyring...
checking package integrity...
loading package files...
checking for file conflicts...
checking available disk space...
:: Processing package changes...
installing btop...
Optional dependencies for btop
    rocm-smi-lib: AMD GPU support
:: Running post-transaction hooks...
(1/3) Arming ConditionNeedsUpdate...
(2/3) Updating icon theme caches...
(3/3) Updating the desktop file MIME type cache...
Sync Explicit (1): pacman-contrib-1.10.4-3
resolving dependencies...
looking for conflicting packages...

Packages (1) pacman-contrib-1.10.4-3

Total Download Size:   0.05 MiB
Total Installed Size:  0.13 MiB

:: Proceed with installation? [Y/n] 
:: Retrieving packages...
 pacman-contrib-1.10.4-3-x86_64 downloading...
checking keyring...
checking package integrity...
loading package files...
checking for file conflicts...
checking available disk space...
:: Processing package changes...
installing pacman-contrib...
Optional dependencies for pacman-contrib
    diffutils: for pacdiff [installed]
    findutils: for pacdiff --find [installed]
    mlocate: for pacdiff --locate
    sudo: privilege elevation for several scripts [installed]
    vim: default merge program for pacdiff
:: Running post-transaction hooks...
(1/2) Reloading system manager configuration...
(2/2) Arming ConditionNeedsUpdate...
Sync Explicit (1): imv-4.5.0-1
resolving dependencies...
looking for conflicting packages...

Packages (18) aom-3.8.1-1  freeglut-3.4.0-1  freeimage-3.18.0-21  glu-9.0.3-1  gperftools-2.15-1  highway-1.1.0-1  imath-3.1.11-1  jasper-4.2.1-1  jxrlib-0.2.4-2  libde265-1.0.15-1  libdeflate-1.19-1  libheif-1.17.6-3  libjxl-0.10.2-1  libraw-0.21.2-1  openexr-3.2.3-1  openjpeg2-2.5.2-1  x265-3.5-3  imv-4.5.0-1

Total Download Size:   15.82 MiB
Total Installed Size:  97.80 MiB

:: Proceed with installation? [Y/n] 
:: Retrieving packages...
 imath-3.1.11-1-x86_64 downloading...
 aom-3.8.1-1-x86_64 downloading...
 libjxl-0.10.2-1-x86_64 downloading...
 x265-3.5-3-x86_64 downloading...
 openexr-3.2.3-1-x86_64 downloading...
 highway-1.1.0-1-x86_64 downloading...
 openjpeg2-2.5.2-1-x86_64 downloading...
 gperftools-2.15-1-x86_64 downloading...
 libraw-0.21.2-1-x86_64 downloading...
 libheif-1.17.6-3-x86_64 downloading...
 freeimage-3.18.0-21-x86_64 downloading...
 libde265-1.0.15-1-x86_64 downloading...
 jasper-4.2.1-1-x86_64 downloading...
 jxrlib-0.2.4-2-x86_64 downloading...
 glu-9.0.3-1-x86_64 downloading...
 freeglut-3.4.0-1-x86_64 downloading...
 imv-4.5.0-1-x86_64 downloading...
 libdeflate-1.19-1-x86_64 downloading...
checking keyring...
checking package integrity...
loading package files...
checking for file conflicts...
checking available disk space...
:: Processing package changes...
installing imath...
Optional dependencies for imath
    boost-libs: python bindings
    python: python bindings [installed]
installing libdeflate...
installing openexr...
installing openjpeg2...
installing freeglut...
installing glu...
installing jasper...
Optional dependencies for jasper
    jasper-doc: documentation
installing libraw...
installing jxrlib...
installing freeimage...
installing aom...
installing libde265...
Optional dependencies for libde265
    ffmpeg: for sherlock265
    qt5-base: for sherlock265
    sdl: dec265 YUV overlay output
installing x265...
installing libheif...
Optional dependencies for libheif
    libjpeg: for heif-convert and heif-enc [installed]
    libpng: for heif-convert and heif-enc [installed]
    dav1d: dav1d encoder [installed]
    ffmpeg: hardware decode
    rav1e: rav1e encoder
    svt-av1: svt-av1 encoder
installing gperftools...
Optional dependencies for gperftools
    graphviz: pprof graph generation
    perl: pprof and pprof-symbolize commands [installed]
installing highway...
installing libjxl...
Optional dependencies for libjxl
    gdk-pixbuf2: for gdk-pixbuf loader [installed]
    gimp: for gimp plugin
    java-runtime: for JNI bindings
installing imv...
:: Running post-transaction hooks...
(1/4) Arming ConditionNeedsUpdate...
(2/4) Updating the MIME type database...
(3/4) Probing GDK-Pixbuf loader modules...
(4/4) Updating the desktop file MIME type cache...
AUR Explicit (1): hyprpicker-0.2.0-2
Sync Make Dependency (2): ninja-1.11.1-3, cmake-3.28.3-1
:: [1m(1/1) Downloaded PKGBUILD: hyprpicker[0m
  1 hyprpicker                               (Build Files Exist)
==> Packages to cleanBuild?
==> [N]one [A]ll [Ab]ort [I]nstalled [No]tInstalled or (1 2 3, 1-3, ^4)
==> 
  1 hyprpicker                               (Build Files Exist)
==> Diffs to show?
==> [N]one [A]ll [Ab]ort [I]nstalled [No]tInstalled or (1 2 3, 1-3, ^4)
==> 
==> Making package: hyprpicker 0.2.0-2 (Mon 11 Mar 2024 10:23:23 AM -03)
==> Retrieving sources...
  -> Downloading hyprpicker-0.2.0.tar.gz...
  % Total    % Received % Xferd  Average Speed   Time    Time     Time  Current
                                 Dload  Upload   Total   Spent    Left  Speed
  0     0    0     0    0     0      0      0 --:--:-- --:--:-- --:--:--     0  0     0    0     0    0     0      0      0 --:--:-- --:--:-- --:--:--     0
  0     0    0     0    0     0      0      0 --:--:-- --:--:-- --:--:--     0100 24152    0 24152    0     0  31205      0 --:--:-- --:--:-- --:--:-- 60380
==> WARNING: Skipping verification of source file PGP signatures.
==> Validating source files with sha256sums...
    hyprpicker-0.2.0.tar.gz ... Passed
:: [1m(1/1) Parsing SRCINFO: hyprpicker[0m
resolving dependencies...
looking for conflicting packages...

Packages (4) cppdap-1.58.0-1  rhash-1.4.4-1  cmake-3.28.3-1  ninja-1.11.1-3

Total Download Size:   11.92 MiB
Total Installed Size:  74.35 MiB

:: Proceed with installation? [Y/n] 
:: Retrieving packages...
 cmake-3.28.3-1-x86_64 downloading...
 cppdap-1.58.0-1-x86_64 downloading...
 rhash-1.4.4-1-x86_64 downloading...
 ninja-1.11.1-3-x86_64 downloading...
checking keyring...
checking package integrity...
loading package files...
checking for file conflicts...
checking available disk space...
:: Processing package changes...
installing rhash...
installing cppdap...
installing cmake...
Optional dependencies for cmake
    make: for unix Makefile generator [installed]
    ninja: for ninja generator [pending]
    qt6-base: cmake-gui [installed]
installing ninja...
:: Running post-transaction hooks...
(1/4) Arming ConditionNeedsUpdate...
(2/4) Updating the MIME type database...
(3/4) Updating icon theme caches...
(4/4) Updating the desktop file MIME type cache...
==> Making package: hyprpicker 0.2.0-2 (Mon 11 Mar 2024 10:23:28 AM -03)
==> Checking runtime dependencies...
==> Checking buildtime dependencies...
==> Retrieving sources...
  -> Found hyprpicker-0.2.0.tar.gz
==> Validating source files with sha256sums...
    hyprpicker-0.2.0.tar.gz ... Passed
==> Removing existing $srcdir/ directory...
==> Extracting sources...
  -> Extracting hyprpicker-0.2.0.tar.gz with bsdtar
==> Sources are ready.
==> Making package: hyprpicker 0.2.0-2 (Mon 11 Mar 2024 10:23:30 AM -03)
==> Checking runtime dependencies...
==> Checking buildtime dependencies...
==> WARNING: Using existing $srcdir/ tree
==> Starting build()...
make clear
make[1]: Entering directory '/home/gut11/.cache/yay/hyprpicker/src/hyprpicker-0.2.0'
rm -rf build
rm -f *.o *-protocol.h *-protocol.c
make[1]: Leaving directory '/home/gut11/.cache/yay/hyprpicker/src/hyprpicker-0.2.0'
make protocols
make[1]: Entering directory '/home/gut11/.cache/yay/hyprpicker/src/hyprpicker-0.2.0'
/usr/bin/wayland-scanner private-code \
	protocols/wlr-layer-shell-unstable-v1.xml wlr-layer-shell-unstable-v1-protocol.c
/usr/bin/wayland-scanner client-header \
	protocols/wlr-layer-shell-unstable-v1.xml wlr-layer-shell-unstable-v1-protocol.h
cc -march=x86-64 -mtune=generic -O2 -pipe -fno-plt -fexceptions         -Wp,-D_FORTIFY_SOURCE=2 -Wformat -Werror=format-security         -fstack-clash-protection -fcf-protection -g -ffile-prefix-map=/home/gut11/.cache/yay/hyprpicker/src=/usr/src/debug/hyprpicker -flto=auto -I. -DWLR_USE_UNSTABLE -std=c99 -I/usr/include/libdrm -I/usr/include/pixman-1  -I. -DWLR_USE_UNSTABLE -std=c99 -I/usr/include/libdrm -I/usr/include/pixman-1    -c -o wlr-layer-shell-unstable-v1-protocol.o wlr-layer-shell-unstable-v1-protocol.c
/usr/bin/wayland-scanner private-code \
	protocols/wlr-screencopy-unstable-v1.xml wlr-screencopy-unstable-v1-protocol.c
/usr/bin/wayland-scanner client-header \
	protocols/wlr-screencopy-unstable-v1.xml wlr-screencopy-unstable-v1-protocol.h
cc -march=x86-64 -mtune=generic -O2 -pipe -fno-plt -fexceptions         -Wp,-D_FORTIFY_SOURCE=2 -Wformat -Werror=format-security         -fstack-clash-protection -fcf-protection -g -ffile-prefix-map=/home/gut11/.cache/yay/hyprpicker/src=/usr/src/debug/hyprpicker -flto=auto -I. -DWLR_USE_UNSTABLE -std=c99 -I/usr/include/libdrm -I/usr/include/pixman-1  -I. -DWLR_USE_UNSTABLE -std=c99 -I/usr/include/libdrm -I/usr/include/pixman-1    -c -o wlr-screencopy-unstable-v1-protocol.o wlr-screencopy-unstable-v1-protocol.c
/usr/bin/wayland-scanner private-code \
	//usr/share/wayland-protocols/stable/xdg-shell/xdg-shell.xml xdg-shell-protocol.c
/usr/bin/wayland-scanner client-header \
	//usr/share/wayland-protocols/stable/xdg-shell/xdg-shell.xml xdg-shell-protocol.h
cc -march=x86-64 -mtune=generic -O2 -pipe -fno-plt -fexceptions         -Wp,-D_FORTIFY_SOURCE=2 -Wformat -Werror=format-security         -fstack-clash-protection -fcf-protection -g -ffile-prefix-map=/home/gut11/.cache/yay/hyprpicker/src=/usr/src/debug/hyprpicker -flto=auto -I. -DWLR_USE_UNSTABLE -std=c99 -I/usr/include/libdrm -I/usr/include/pixman-1  -I. -DWLR_USE_UNSTABLE -std=c99 -I/usr/include/libdrm -I/usr/include/pixman-1    -c -o xdg-shell-protocol.o xdg-shell-protocol.c
make[1]: Leaving directory '/home/gut11/.cache/yay/hyprpicker/src/hyprpicker-0.2.0'
make release
make[1]: Entering directory '/home/gut11/.cache/yay/hyprpicker/src/hyprpicker-0.2.0'
mkdir -p build && cmake --no-warn-unused-cli -DCMAKE_BUILD_TYPE:STRING=Release -H./ -B./build -G Ninja
CMake Deprecation Warning at CMakeLists.txt:1 (cmake_minimum_required):
  Compatibility with CMake < 3.5 will be removed from a future version of
  CMake.

  Update the VERSION argument <min> value or use a ...<max> suffix to tell
  CMake that the project does not need compatibility with older versions.

Not searching for unused variables given on the command line.

-- The C compiler identification is GNU 13.2.1
-- The CXX compiler identification is GNU 13.2.1
-- Detecting C compiler ABI info
-- Detecting C compiler ABI info - done
-- Check for working C compiler: /usr/bin/cc - skipped
-- Detecting C compile features
-- Detecting C compile features - done
-- Detecting CXX compiler ABI info
-- Detecting CXX compiler ABI info - done
-- Check for working CXX compiler: /usr/bin/c++ - skipped
-- Detecting CXX compile features
-- Detecting CXX compile features - done
-- Configuring hyprpicker!
-- Performing Test CMAKE_HAVE_LIBC_PTHREAD
-- Performing Test CMAKE_HAVE_LIBC_PTHREAD - Success
-- Found Threads: TRUE  
-- Found PkgConfig: /usr/bin/pkg-config (found version "2.1.0") 
-- Checking for modules 'wayland-client;wayland-protocols;xkbcommon;cairo;pango;pangocairo;libjpeg'
--   Found wayland-client, version 1.22.0
--   Found wayland-protocols, version 1.33
--   Found xkbcommon, version 1.6.0
--   Found cairo, version 1.18.0
--   Found pango, version 1.52.1
--   Found pangocairo, version 1.52.1
--   Found libjpeg, version 3.0.2
-- Configuring done (0.9s)
-- Generating done (0.0s)
-- Build files have been written to: /home/gut11/.cache/yay/hyprpicker/src/hyprpicker-0.2.0/build
cmake --build ./build --config Release --target all -j 10
[1/8] Building CXX object CMakeFiles/hyprpicker.dir/src/helpers/Vector2D.cpp.o
[2/8] Building CXX object CMakeFiles/hyprpicker.dir/src/clipboard/Clipboard.cpp.o
[3/8] Building CXX object CMakeFiles/hyprpicker.dir/src/debug/Log.cpp.o
[4/8] Building CXX object CMakeFiles/hyprpicker.dir/src/helpers/LayerSurface.cpp.o
[5/8] Building CXX object CMakeFiles/hyprpicker.dir/src/main.cpp.o
[6/8] Building CXX object CMakeFiles/hyprpicker.dir/src/events/Events.cpp.o
/home/gut11/.cache/yay/hyprpicker/src/hyprpicker-0.2.0/src/events/Events.cpp: In lambda function:
/home/gut11/.cache/yay/hyprpicker/src/hyprpicker-0.2.0/src/events/Events.cpp:378:20: warning: unused variable ‘TRFLIP’ [-Wunused-variable]
  378 |         const auto TRFLIP = PLS->m_pMonitor->transform >= 4;
      |                    ^~~~~~
[7/8] Building CXX object CMakeFiles/hyprpicker.dir/src/hyprpicker.cpp.o
[8/8] Linking CXX executable hyprpicker
make[1]: Leaving directory '/home/gut11/.cache/yay/hyprpicker/src/hyprpicker-0.2.0'
==> Entering fakeroot environment...
==> Starting package()...
==> Tidying install...
  -> Removing libtool files...
  -> Purging unwanted files...
  -> Removing static library files...
  -> Stripping unneeded symbols from binaries and libraries...
  -> Compressing man and info pages...
==> Checking for packaging issues...
==> Creating package "hyprpicker"...
  -> Generating .PKGINFO file...
  -> Generating .BUILDINFO file...
  -> Generating .MTREE file...
  -> Compressing package...
==> Creating package "hyprpicker-debug"...
  -> Generating .PKGINFO file...
  -> Generating .BUILDINFO file...
  -> Generating .MTREE file...
  -> Compressing package...
==> Leaving fakeroot environment.
==> Finished making: hyprpicker 0.2.0-2 (Mon 11 Mar 2024 10:23:35 AM -03)
==> Cleaning up...
loading packages...
resolving dependencies...
looking for conflicting packages...

Packages (2) hyprpicker-0.2.0-2  hyprpicker-debug-0.2.0-2

Total Installed Size:  0.88 MiB

:: Proceed with installation? [Y/n] 
checking keyring...
checking package integrity...
loading package files...
checking for file conflicts...
checking available disk space...
:: Processing package changes...
installing hyprpicker...
Optional dependencies for hyprpicker
    wl-clipboard: Allows --autocopy to automatically copy the output to the clipboard.
installing hyprpicker-debug...
:: Running post-transaction hooks...
(1/1) Arming ConditionNeedsUpdate...
Sync Explicit (1): waylock-0.6.5-1
resolving dependencies...
looking for conflicting packages...

Packages (1) waylock-0.6.5-1

Total Download Size:   0.22 MiB
Total Installed Size:  0.81 MiB

:: Proceed with installation? [Y/n] 
:: Retrieving packages...
 waylock-0.6.5-1-x86_64 downloading...
checking keyring...
checking package integrity...
loading package files...
checking for file conflicts...
checking available disk space...
:: Processing package changes...
installing waylock...
:: Running post-transaction hooks...
(1/1) Arming ConditionNeedsUpdate...
Sync Explicit (1): ttf-jetbrains-mono-nerd-3.1.1-1
resolving dependencies...
looking for conflicting packages...

Packages (1) ttf-jetbrains-mono-nerd-3.1.1-1

Total Download Size:     6.08 MiB
Total Installed Size:  185.43 MiB

:: Proceed with installation? [Y/n] 
:: Retrieving packages...
 ttf-jetbrains-mono-nerd-3.1.1-1-any downloading...
checking keyring...
checking package integrity...
loading package files...
checking for file conflicts...
checking available disk space...
:: Processing package changes...
installing ttf-jetbrains-mono-nerd...
:: Running post-transaction hooks...
(1/2) Arming ConditionNeedsUpdate...
(2/2) Updating fontconfig cache...
Sync Explicit (1): noto-fonts-emoji-1:2.042-1
resolving dependencies...
looking for conflicting packages...

Packages (1) noto-fonts-emoji-1:2.042-1

Total Download Size:    9.13 MiB
Total Installed Size:  10.11 MiB

:: Proceed with installation? [Y/n] 
:: Retrieving packages...
 noto-fonts-emoji-1:2.042-1-any downloading...
checking keyring...
checking package integrity...
loading package files...
checking for file conflicts...
checking available disk space...
:: Processing package changes...
installing noto-fonts-emoji...
:: Running post-transaction hooks...
(1/2) Arming ConditionNeedsUpdate...
(2/2) Updating fontconfig cache...
Sync Explicit (1): lxappearance-0.6.3-4
resolving dependencies...
looking for conflicting packages...

Packages (2) gtk2-2.24.33-3  lxappearance-0.6.3-4

Total Download Size:    5.84 MiB
Total Installed Size:  36.96 MiB

:: Proceed with installation? [Y/n] 
:: Retrieving packages...
 gtk2-2.24.33-3-x86_64 downloading...
 lxappearance-0.6.3-4-x86_64 downloading...
checking keyring...
checking package integrity...
loading package files...
checking for file conflicts...
checking available disk space...
:: Processing package changes...
installing gtk2...
Optional dependencies for gtk2
    adwaita-icon-theme: Default icon theme [installed]
    gnome-themes-standard: Default widget theme
    python: gtk-builder-convert [installed]
installing lxappearance...
:: Running post-transaction hooks...
(1/3) Arming ConditionNeedsUpdate...
(2/3) Probing GTK2 input method modules...
(3/3) Updating the desktop file MIME type cache...
Sync Explicit (1): xfce4-settings-4.18.4-1
resolving dependencies...
looking for conflicting packages...

Packages (12) colord-1.4.7-2  elementary-icon-theme-7.3.1-1  exo-4.18.0-1  garcon-4.18.2-1  gnome-themes-extra-3.28+r6+g45b1d457-1  libgtop-2.41.3-1  libgusb-0.4.8-1  libxfce4ui-4.18.6-1  libxfce4util-4.18.2-1  startup-notification-0.12-8  xfconf-4.18.3-1  xfce4-settings-4.18.4-1

Total Download Size:   10.06 MiB
Total Installed Size:  57.46 MiB

:: Proceed with installation? [Y/n] 
:: Retrieving packages...
 elementary-icon-theme-7.3.1-1-any downloading...
 gnome-themes-extra-3.28+r6+g45b1d457-1-x86_64 downloading...
 colord-1.4.7-2-x86_64 downloading...
 libgusb-0.4.8-1-x86_64 downloading...
 xfce4-settings-4.18.4-1-x86_64 downloading...
 libxfce4ui-4.18.6-1-x86_64 downloading...
 exo-4.18.0-1-x86_64 downloading...
 libgtop-2.41.3-1-x86_64 downloading...
 xfconf-4.18.3-1-x86_64 downloading...
 garcon-4.18.2-1-x86_64 downloading...
 libxfce4util-4.18.2-1-x86_64 downloading...
 startup-notification-0.12-8-x86_64 downloading...
checking keyring...
checking package integrity...
loading package files...
checking for file conflicts...
checking available disk space...
:: Processing package changes...
installing libxfce4util...
installing xfconf...
installing startup-notification...
installing libgtop...
installing libxfce4ui...
installing exo...
installing garcon...
installing libgusb...
installing colord...
Optional dependencies for colord
    argyllcms: color profiling
    colord-sane: SANE support
installing elementary-icon-theme...
installing gnome-themes-extra...
Optional dependencies for gnome-themes-extra
    gtk-engines: HighContrast GTK2 theme
installing xfce4-settings...
Optional dependencies for xfce4-settings
    python: xfce4-compose-mail -- "mailto:" URI handling [installed]
:: Running post-transaction hooks...
( 1/12) Creating system user accounts...
Creating group 'colord' with GID 968.
Creating user 'colord' (Color management daemon) with UID 968 and GID 968.
( 2/12) Reloading system manager configuration...
( 3/12) Reloading user manager configuration...
( 4/12) Creating temporary files...
( 5/12) Reloading device manager configuration...
( 6/12) Arming ConditionNeedsUpdate...
( 7/12) Reloading system bus configuration...
( 8/12) Updating GIO module cache...
( 9/12) Compiling GSettings XML schema files...
(10/12) Updating icon theme caches...
(11/12) Updating the info directory file...
(12/12) Updating the desktop file MIME type cache...
Sync Explicit (1): qt5-svg-5.15.12+kde+r6-1
resolving dependencies...
looking for conflicting packages...

Packages (3) qt5-base-5.15.12+kde+r151-1  qt5-translations-5.15.12-1  qt5-svg-5.15.12+kde+r6-1

Total Download Size:   15.05 MiB
Total Installed Size:  77.90 MiB

:: Proceed with installation? [Y/n] 
:: Retrieving packages...
 qt5-base-5.15.12+kde+r151-1-x86_64 downloading...
 qt5-translations-5.15.12-1-any downloading...
 qt5-svg-5.15.12+kde+r6-1-x86_64 downloading...
checking keyring...
checking package integrity...
loading package files...
checking for file conflicts...
checking available disk space...
:: Processing package changes...
installing qt5-translations...
installing qt5-base...
Optional dependencies for qt5-base
    qt5-svg: to use SVG icon themes [pending]
    qt5-wayland: to run Qt applications in a Wayland session
    postgresql-libs: PostgreSQL driver
    mariadb-libs: MariaDB driver
    unixodbc: ODBC driver
    libfbclient: Firebird/iBase driver
    freetds: MS SQL driver
    gtk3: GTK platform plugin [installed]
    perl: for fixqt4headers and syncqt [installed]
installing qt5-svg...
:: Running post-transaction hooks...
(1/1) Arming ConditionNeedsUpdate...
Sync Explicit (1): qt5-quickcontrols2-5.15.12+kde+r5-1
resolving dependencies...
looking for conflicting packages...

Packages (2) qt5-declarative-5.15.12+kde+r32-1  qt5-quickcontrols2-5.15.12+kde+r5-1

Total Download Size:    6.27 MiB
Total Installed Size:  31.70 MiB

:: Proceed with installation? [Y/n] 
:: Retrieving packages...
 qt5-declarative-5.15.12+kde+r32-1-x86_64 downloading...
 qt5-quickcontrols2-5.15.12+kde+r5-1-x86_64 downloading...
checking keyring...
checking package integrity...
loading package files...
checking for file conflicts...
checking available disk space...
:: Processing package changes...
installing qt5-declarative...
installing qt5-quickcontrols2...
Optional dependencies for qt5-quickcontrols2
    qt5-graphicaleffects: for the Material style
:: Running post-transaction hooks...
(1/1) Arming ConditionNeedsUpdate...
Sync Explicit (1): qt5-graphicaleffects-5.15.12-1
resolving dependencies...
looking for conflicting packages...

Packages (1) qt5-graphicaleffects-5.15.12-1

Total Download Size:   0.07 MiB
Total Installed Size:  0.53 MiB

:: Proceed with installation? [Y/n] 
:: Retrieving packages...
 qt5-graphicaleffects-5.15.12-1-x86_64 downloading...
checking keyring...
checking package integrity...
loading package files...
checking for file conflicts...
checking available disk space...
:: Processing package changes...
installing qt5-graphicaleffects...
:: Running post-transaction hooks...
(1/1) Arming ConditionNeedsUpdate...
Created symlink /etc/systemd/system/dbus-org.bluez.service → /usr/lib/systemd/system/bluetooth.service.
Created symlink /etc/systemd/system/bluetooth.target.wants/bluetooth.service → /usr/lib/systemd/system/bluetooth.service.
error: target not found: xdg-desktop-portal-gnome
error: target not found: xdg-desktop-portal-gtk
 -> exit status 1
Failed to start ly.service: Unit ly.service not found.
[1m[33m -> [0m[0mAvoid running yay as root/sudo.
:: Synchronizing package databases...
 core downloading...
 extra downloading...
:: [1mSearching AUR for updates...[0m
:: [1mSearching databases for updates...[0m
 there is nothing to do
[1m[33m -> [0m[0mAvoid running yay as root/sudo.
error: target not found: xdg-desktop-portal-gnome
error: target not found: xdg-desktop-portal-gtk
 -> exit status 1
